2021-10-13 09:07:48.903  INFO 12060 --- [main] .s.b.SegnalazioniBackendApplicationTests : Starting SegnalazioniBackendApplicationTests using Java 14.0.2 on LAPTOP-6MBMBAG7 with PID 12060 (started by lepto in D:\omnia\eclipse-workspace\segnalazioni-backend)
2021-10-13 09:07:48.907  INFO 12060 --- [main] .s.b.SegnalazioniBackendApplicationTests : No active profile set, falling back to default profiles: default
2021-10-13 09:07:50.471  INFO 12060 --- [main] .s.d.r.c.RepositoryConfigurationDelegate : Bootstrapping Spring Data MongoDB repositories in DEFAULT mode.
2021-10-13 09:07:50.493  INFO 12060 --- [main] .s.d.r.c.RepositoryConfigurationDelegate : Finished Spring Data repository scanning in 15 ms. Found 0 MongoDB repository interfaces.
2021-10-13 09:07:50.951  INFO 12060 --- [main] trationDelegate$BeanPostProcessorChecker : Bean 'org.springframework.ws.config.annotation.DelegatingWsConfiguration' of type [org.springframework.ws.config.annotation.DelegatingWsConfiguration$$EnhancerBySpringCGLIB$$110d10f8] is not eligible for getting processed by all BeanPostProcessors (for example: not eligible for auto-proxying)
2021-10-13 09:07:51.130  INFO 12060 --- [main] .w.s.a.s.AnnotationActionEndpointMapping : Supporting [WS-Addressing August 2004, WS-Addressing 1.0]
2021-10-13 09:07:51.205  INFO 12060 --- [main] trationDelegate$BeanPostProcessorChecker : Bean 'org.springframework.security.access.expression.method.DefaultMethodSecurityExpressionHandler@51c65a43' of type [org.springframework.security.access.expression.method.DefaultMethodSecurityExpressionHandler] is not eligible for getting processed by all BeanPostProcessors (for example: not eligible for auto-proxying)
2021-10-13 09:07:51.223  INFO 12060 --- [main] trationDelegate$BeanPostProcessorChecker : Bean 'methodSecurityMetadataSource' of type [org.springframework.security.access.method.DelegatingMethodSecurityMetadataSource] is not eligible for getting processed by all BeanPostProcessors (for example: not eligible for auto-proxying)
2021-10-13 09:07:53.602  INFO 12060 --- [main] o.s.s.web.DefaultSecurityFilterChain     : Will secure any request with [org.springframework.security.web.context.request.async.WebAsyncManagerIntegrationFilter@11cc9e1e, org.springframework.security.web.context.SecurityContextPersistenceFilter@40017e98, org.springframework.security.web.header.HeaderWriterFilter@2fa879ed, org.springframework.security.web.authentication.logout.LogoutFilter@4db6348b, it.anac.segnalazioni.backend.rest.security.JwtRequestFilter@216328b2, org.springframework.security.web.savedrequest.RequestCacheAwareFilter@636fccb0, org.springframework.security.web.servletapi.SecurityContextHolderAwareRequestFilter@7aa15a80, org.springframework.security.web.authentication.AnonymousAuthenticationFilter@5b0e9e0c, org.springframework.security.web.session.SessionManagementFilter@2558f65c, org.springframework.security.web.access.ExceptionTranslationFilter@2b4829aa, org.springframework.security.web.access.intercept.FilterSecurityInterceptor@7d685f4e]
2021-10-13 09:07:54.514  INFO 12060 --- [main] org.mongodb.driver.cluster               : Cluster created with settings {hosts=[10.119.26.91:27017], mode=SINGLE, requiredClusterType=UNKNOWN, serverSelectionTimeout='30000 ms'}
2021-10-13 09:07:55.465  INFO 12060 --- [main] .s.b.SegnalazioniBackendApplicationTests : Started SegnalazioniBackendApplicationTests in 6.954 seconds (JVM running for 8.35)
2021-10-13 09:16:55.627  INFO 34756 --- [main] i.a.s.b.SegnalazioniBackendApplication   : Starting SegnalazioniBackendApplication using Java 14.0.2 on LAPTOP-6MBMBAG7 with PID 34756 (D:\omnia\eclipse-workspace\segnalazioni-backend\target\classes started by lepto in D:\omnia\eclipse-workspace\segnalazioni-backend)
2021-10-13 09:16:55.629  INFO 34756 --- [main] i.a.s.b.SegnalazioniBackendApplication   : The following profiles are active: local
2021-10-13 09:16:56.438  INFO 34756 --- [main] .s.d.r.c.RepositoryConfigurationDelegate : Bootstrapping Spring Data MongoDB repositories in DEFAULT mode.
2021-10-13 09:16:56.454  INFO 34756 --- [main] .s.d.r.c.RepositoryConfigurationDelegate : Finished Spring Data repository scanning in 12 ms. Found 0 MongoDB repository interfaces.
2021-10-13 09:16:56.691  INFO 34756 --- [main] trationDelegate$BeanPostProcessorChecker : Bean 'org.springframework.ws.config.annotation.DelegatingWsConfiguration' of type [org.springframework.ws.config.annotation.DelegatingWsConfiguration$$EnhancerBySpringCGLIB$$f21d472b] is not eligible for getting processed by all BeanPostProcessors (for example: not eligible for auto-proxying)
2021-10-13 09:16:56.730  INFO 34756 --- [main] .w.s.a.s.AnnotationActionEndpointMapping : Supporting [WS-Addressing August 2004, WS-Addressing 1.0]
2021-10-13 09:16:56.764  INFO 34756 --- [main] trationDelegate$BeanPostProcessorChecker : Bean 'org.springframework.security.access.expression.method.DefaultMethodSecurityExpressionHandler@29050de5' of type [org.springframework.security.access.expression.method.DefaultMethodSecurityExpressionHandler] is not eligible for getting processed by all BeanPostProcessors (for example: not eligible for auto-proxying)
2021-10-13 09:16:56.768  INFO 34756 --- [main] trationDelegate$BeanPostProcessorChecker : Bean 'methodSecurityMetadataSource' of type [org.springframework.security.access.method.DelegatingMethodSecurityMetadataSource] is not eligible for getting processed by all BeanPostProcessors (for example: not eligible for auto-proxying)
2021-10-13 09:16:56.984  INFO 34756 --- [main] o.s.b.w.embedded.tomcat.TomcatWebServer  : Tomcat initialized with port(s): 8080 (http)
2021-10-13 09:16:56.993  INFO 34756 --- [main] o.apache.catalina.core.StandardService   : Starting service [Tomcat]
2021-10-13 09:16:56.993  INFO 34756 --- [main] org.apache.catalina.core.StandardEngine  : Starting Servlet engine: [Apache Tomcat/9.0.53]
2021-10-13 09:16:57.096  INFO 34756 --- [main] o.a.c.c.C.[Tomcat].[localhost].[/]       : Initializing Spring embedded WebApplicationContext
2021-10-13 09:16:57.096  INFO 34756 --- [main] w.s.c.ServletWebServerApplicationContext : Root WebApplicationContext: initialization completed in 1424 ms
2021-10-13 09:16:58.086  INFO 34756 --- [main] o.s.s.web.DefaultSecurityFilterChain     : Will secure any request with [org.springframework.security.web.context.request.async.WebAsyncManagerIntegrationFilter@2ceb68a1, org.springframework.security.web.context.SecurityContextPersistenceFilter@732d078d, org.springframework.security.web.header.HeaderWriterFilter@42d174ad, org.springframework.security.web.authentication.logout.LogoutFilter@290c266c, it.anac.segnalazioni.backend.rest.security.JwtRequestFilter@4f081b5d, org.springframework.security.web.savedrequest.RequestCacheAwareFilter@7c0e4e4e, org.springframework.security.web.servletapi.SecurityContextHolderAwareRequestFilter@6f112f70, org.springframework.security.web.authentication.AnonymousAuthenticationFilter@6de33fde, org.springframework.security.web.session.SessionManagementFilter@495da9a7, org.springframework.security.web.access.ExceptionTranslationFilter@2c1ea7be, org.springframework.security.web.access.intercept.FilterSecurityInterceptor@2efcc0b3]
2021-10-13 09:16:58.358  INFO 34756 --- [main] org.mongodb.driver.cluster               : Cluster created with settings {hosts=[10.119.26.91:27017], mode=SINGLE, requiredClusterType=UNKNOWN, serverSelectionTimeout='30000 ms'}
2021-10-13 09:16:58.609  INFO 34756 --- [main] o.s.b.w.embedded.tomcat.TomcatWebServer  : Tomcat started on port(s): 8080 (http) with context path ''
2021-10-13 09:16:58.873  INFO 34756 --- [main] i.a.s.b.SegnalazioniBackendApplication   : Started SegnalazioniBackendApplication in 3.573 seconds (JVM running for 4.225)
2021-10-13 09:17:08.440  INFO 34756 --- [cluster-ClusterId{value='616687eafbc7066873e65e57', description='null'}-10.119.26.91:27017] org.mongodb.driver.cluster               : Exception in monitor thread while connecting to server 10.119.26.91:27017

com.mongodb.MongoSocketOpenException: Exception opening socket
	at com.mongodb.internal.connection.SocketStream.open(SocketStream.java:70) ~[mongodb-driver-core-4.2.3.jar:na]
	at com.mongodb.internal.connection.InternalStreamConnection.open(InternalStreamConnection.java:143) ~[mongodb-driver-core-4.2.3.jar:na]
	at com.mongodb.internal.connection.DefaultServerMonitor$ServerMonitorRunnable.lookupServerDescription(DefaultServerMonitor.java:188) ~[mongodb-driver-core-4.2.3.jar:na]
	at com.mongodb.internal.connection.DefaultServerMonitor$ServerMonitorRunnable.run(DefaultServerMonitor.java:144) ~[mongodb-driver-core-4.2.3.jar:na]
	at java.base/java.lang.Thread.run(Thread.java:832) ~[na:na]
Caused by: java.net.SocketTimeoutException: Connect timed out
	at java.base/sun.nio.ch.NioSocketImpl.timedFinishConnect(NioSocketImpl.java:546) ~[na:na]
	at java.base/sun.nio.ch.NioSocketImpl.connect(NioSocketImpl.java:597) ~[na:na]
	at java.base/java.net.SocksSocketImpl.connect(SocksSocketImpl.java:333) ~[na:na]
	at java.base/java.net.Socket.connect(Socket.java:648) ~[na:na]
	at com.mongodb.internal.connection.SocketStreamHelper.initialize(SocketStreamHelper.java:107) ~[mongodb-driver-core-4.2.3.jar:na]
	at com.mongodb.internal.connection.SocketStream.initializeSocket(SocketStream.java:79) ~[mongodb-driver-core-4.2.3.jar:na]
	at com.mongodb.internal.connection.SocketStream.open(SocketStream.java:65) ~[mongodb-driver-core-4.2.3.jar:na]
	... 4 common frames omitted

2021-10-13 09:17:12.569  INFO 34756 --- [http-nio-8080-exec-1] o.a.c.c.C.[Tomcat].[localhost].[/]       : Initializing Spring DispatcherServlet 'dispatcherServlet'
2021-10-13 09:17:12.569  INFO 34756 --- [http-nio-8080-exec-1] o.s.web.servlet.DispatcherServlet        : Initializing Servlet 'dispatcherServlet'
2021-10-13 09:17:12.571  INFO 34756 --- [http-nio-8080-exec-1] o.s.web.servlet.DispatcherServlet        : Completed initialization in 2 ms
2021-10-13 09:17:12.586  WARN 34756 --- [http-nio-8080-exec-1] i.a.s.b.rest.security.JwtRequestFilter   : JWT Token does not begin with Bearer String
2021-10-13 09:17:12.705  WARN 34756 --- [http-nio-8080-exec-2] i.a.s.b.rest.security.JwtRequestFilter   : JWT Token does not begin with Bearer String
2021-10-13 09:17:14.135  WARN 34756 --- [http-nio-8080-exec-3] i.a.s.b.rest.security.JwtRequestFilter   : JWT Token does not begin with Bearer String
2021-10-13 09:17:14.172  WARN 34756 --- [http-nio-8080-exec-4] i.a.s.b.rest.security.JwtRequestFilter   : JWT Token does not begin with Bearer String
2021-10-13 09:17:14.178  WARN 34756 --- [http-nio-8080-exec-5] i.a.s.b.rest.security.JwtRequestFilter   : JWT Token does not begin with Bearer String
2021-10-13 09:17:14.179  WARN 34756 --- [http-nio-8080-exec-7] i.a.s.b.rest.security.JwtRequestFilter   : JWT Token does not begin with Bearer String
2021-10-13 09:17:14.179  WARN 34756 --- [http-nio-8080-exec-8] i.a.s.b.rest.security.JwtRequestFilter   : JWT Token does not begin with Bearer String
2021-10-13 09:17:14.179  WARN 34756 --- [http-nio-8080-exec-6] i.a.s.b.rest.security.JwtRequestFilter   : JWT Token does not begin with Bearer String
2021-10-13 09:17:14.373  WARN 34756 --- [http-nio-8080-exec-9] i.a.s.b.rest.security.JwtRequestFilter   : JWT Token does not begin with Bearer String
2021-10-13 09:17:14.398  WARN 34756 --- [http-nio-8080-exec-10] i.a.s.b.rest.security.JwtRequestFilter   : JWT Token does not begin with Bearer String
2021-10-13 09:17:14.407  WARN 34756 --- [http-nio-8080-exec-1] i.a.s.b.rest.security.JwtRequestFilter   : JWT Token does not begin with Bearer String
2021-10-13 09:17:14.447  WARN 34756 --- [http-nio-8080-exec-2] i.a.s.b.rest.security.JwtRequestFilter   : JWT Token does not begin with Bearer String
2021-10-13 09:18:05.878  WARN 34756 --- [http-nio-8080-exec-3] i.a.s.b.rest.security.JwtRequestFilter   : JWT Token does not begin with Bearer String
2021-10-13 09:33:25.201  INFO 34756 --- [RMI TCP Connection(2)-127.0.0.1] inMXBeanRegistrar$SpringApplicationAdmin : Application shutdown requested.
2021-10-13 09:34:25.753  INFO 45884 --- [main] i.a.s.b.SegnalazioniBackendApplication   : Starting SegnalazioniBackendApplication using Java 14.0.2 on LAPTOP-6MBMBAG7 with PID 45884 (D:\omnia\eclipse-workspace\segnalazioni-backend\target\classes started by lepto in D:\omnia\eclipse-workspace\segnalazioni-backend)
2021-10-13 09:34:25.755  INFO 45884 --- [main] i.a.s.b.SegnalazioniBackendApplication   : The following profiles are active: dev
2021-10-13 09:34:26.600  INFO 45884 --- [main] .s.d.r.c.RepositoryConfigurationDelegate : Bootstrapping Spring Data MongoDB repositories in DEFAULT mode.
2021-10-13 09:34:26.619  INFO 45884 --- [main] .s.d.r.c.RepositoryConfigurationDelegate : Finished Spring Data repository scanning in 14 ms. Found 0 MongoDB repository interfaces.
2021-10-13 09:34:26.861  INFO 45884 --- [main] trationDelegate$BeanPostProcessorChecker : Bean 'org.springframework.ws.config.annotation.DelegatingWsConfiguration' of type [org.springframework.ws.config.annotation.DelegatingWsConfiguration$$EnhancerBySpringCGLIB$$15a74c04] is not eligible for getting processed by all BeanPostProcessors (for example: not eligible for auto-proxying)
2021-10-13 09:34:26.901  INFO 45884 --- [main] .w.s.a.s.AnnotationActionEndpointMapping : Supporting [WS-Addressing August 2004, WS-Addressing 1.0]
2021-10-13 09:34:26.937  INFO 45884 --- [main] trationDelegate$BeanPostProcessorChecker : Bean 'org.springframework.security.access.expression.method.DefaultMethodSecurityExpressionHandler@7951c3a2' of type [org.springframework.security.access.expression.method.DefaultMethodSecurityExpressionHandler] is not eligible for getting processed by all BeanPostProcessors (for example: not eligible for auto-proxying)
2021-10-13 09:34:26.940  INFO 45884 --- [main] trationDelegate$BeanPostProcessorChecker : Bean 'methodSecurityMetadataSource' of type [org.springframework.security.access.method.DelegatingMethodSecurityMetadataSource] is not eligible for getting processed by all BeanPostProcessors (for example: not eligible for auto-proxying)
2021-10-13 09:34:27.181  INFO 45884 --- [main] o.s.b.w.embedded.tomcat.TomcatWebServer  : Tomcat initialized with port(s): 8080 (http)
2021-10-13 09:34:27.192  INFO 45884 --- [main] o.apache.catalina.core.StandardService   : Starting service [Tomcat]
2021-10-13 09:34:27.192  INFO 45884 --- [main] org.apache.catalina.core.StandardEngine  : Starting Servlet engine: [Apache Tomcat/9.0.53]
2021-10-13 09:34:27.298  INFO 45884 --- [main] o.a.c.c.C.[Tomcat].[localhost].[/]       : Initializing Spring embedded WebApplicationContext
2021-10-13 09:34:27.298  INFO 45884 --- [main] w.s.c.ServletWebServerApplicationContext : Root WebApplicationContext: initialization completed in 1498 ms
2021-10-13 09:34:28.331  INFO 45884 --- [main] o.s.s.web.DefaultSecurityFilterChain     : Will secure any request with [org.springframework.security.web.context.request.async.WebAsyncManagerIntegrationFilter@2be50bba, org.springframework.security.web.context.SecurityContextPersistenceFilter@7ba1cdbe, org.springframework.security.web.header.HeaderWriterFilter@636fccb0, org.springframework.security.web.authentication.logout.LogoutFilter@3bcc8f13, it.anac.segnalazioni.backend.rest.security.JwtRequestFilter@68ea253b, org.springframework.security.web.savedrequest.RequestCacheAwareFilter@226e07e7, org.springframework.security.web.servletapi.SecurityContextHolderAwareRequestFilter@4ec8d9b2, org.springframework.security.web.authentication.AnonymousAuthenticationFilter@3514ac7d, org.springframework.security.web.session.SessionManagementFilter@1dbeedff, org.springframework.security.web.access.ExceptionTranslationFilter@4fbe486c, org.springframework.security.web.access.intercept.FilterSecurityInterceptor@35454c7a]
2021-10-13 09:34:28.619  INFO 45884 --- [main] org.mongodb.driver.cluster               : Cluster created with settings {hosts=[127.0.0.1:27017], mode=SINGLE, requiredClusterType=UNKNOWN, serverSelectionTimeout='30000 ms'}
2021-10-13 09:34:28.873  INFO 45884 --- [main] o.s.b.w.embedded.tomcat.TomcatWebServer  : Tomcat started on port(s): 8080 (http) with context path ''
2021-10-13 09:34:29.149  INFO 45884 --- [main] i.a.s.b.SegnalazioniBackendApplication   : Started SegnalazioniBackendApplication in 3.763 seconds (JVM running for 4.44)
2021-10-13 09:34:30.693  INFO 45884 --- [cluster-ClusterId{value='61668c04ca47f71be2ffe66a', description='null'}-127.0.0.1:27017] org.mongodb.driver.cluster               : Exception in monitor thread while connecting to server 127.0.0.1:27017

com.mongodb.MongoSocketOpenException: Exception opening socket
	at com.mongodb.internal.connection.SocketStream.open(SocketStream.java:70) ~[mongodb-driver-core-4.2.3.jar:na]
	at com.mongodb.internal.connection.InternalStreamConnection.open(InternalStreamConnection.java:143) ~[mongodb-driver-core-4.2.3.jar:na]
	at com.mongodb.internal.connection.DefaultServerMonitor$ServerMonitorRunnable.lookupServerDescription(DefaultServerMonitor.java:188) ~[mongodb-driver-core-4.2.3.jar:na]
	at com.mongodb.internal.connection.DefaultServerMonitor$ServerMonitorRunnable.run(DefaultServerMonitor.java:144) ~[mongodb-driver-core-4.2.3.jar:na]
	at java.base/java.lang.Thread.run(Thread.java:832) ~[na:na]
Caused by: java.net.ConnectException: Connection refused: no further information
	at java.base/sun.nio.ch.Net.pollConnect(Native Method) ~[na:na]
	at java.base/sun.nio.ch.Net.pollConnectNow(Net.java:589) ~[na:na]
	at java.base/sun.nio.ch.NioSocketImpl.timedFinishConnect(NioSocketImpl.java:549) ~[na:na]
	at java.base/sun.nio.ch.NioSocketImpl.connect(NioSocketImpl.java:597) ~[na:na]
	at java.base/java.net.SocksSocketImpl.connect(SocksSocketImpl.java:333) ~[na:na]
	at java.base/java.net.Socket.connect(Socket.java:648) ~[na:na]
	at com.mongodb.internal.connection.SocketStreamHelper.initialize(SocketStreamHelper.java:107) ~[mongodb-driver-core-4.2.3.jar:na]
	at com.mongodb.internal.connection.SocketStream.initializeSocket(SocketStream.java:79) ~[mongodb-driver-core-4.2.3.jar:na]
	at com.mongodb.internal.connection.SocketStream.open(SocketStream.java:65) ~[mongodb-driver-core-4.2.3.jar:na]
	... 4 common frames omitted

2021-10-13 09:35:00.806  INFO 45884 --- [http-nio-8080-exec-1] o.a.c.c.C.[Tomcat].[localhost].[/]       : Initializing Spring DispatcherServlet 'dispatcherServlet'
2021-10-13 09:35:00.807  INFO 45884 --- [http-nio-8080-exec-1] o.s.web.servlet.DispatcherServlet        : Initializing Servlet 'dispatcherServlet'
2021-10-13 09:35:00.808  INFO 45884 --- [http-nio-8080-exec-1] o.s.web.servlet.DispatcherServlet        : Completed initialization in 1 ms
2021-10-13 09:35:00.824  WARN 45884 --- [http-nio-8080-exec-1] i.a.s.b.rest.security.JwtRequestFilter   : JWT Token does not begin with Bearer String
2021-10-13 09:35:01.211  WARN 45884 --- [http-nio-8080-exec-2] i.a.s.b.rest.security.JwtRequestFilter   : JWT Token does not begin with Bearer String
2021-10-13 09:35:07.175  WARN 45884 --- [http-nio-8080-exec-3] i.a.s.b.rest.security.JwtRequestFilter   : JWT Token does not begin with Bearer String
2021-10-13 09:35:07.404  WARN 45884 --- [http-nio-8080-exec-4] i.a.s.b.rest.security.JwtRequestFilter   : JWT Token does not begin with Bearer String
2021-10-13 09:35:07.428  WARN 45884 --- [http-nio-8080-exec-5] i.a.s.b.rest.security.JwtRequestFilter   : JWT Token does not begin with Bearer String
2021-10-13 09:35:07.435  WARN 45884 --- [http-nio-8080-exec-6] i.a.s.b.rest.security.JwtRequestFilter   : JWT Token does not begin with Bearer String
2021-10-13 09:35:07.475  WARN 45884 --- [http-nio-8080-exec-7] i.a.s.b.rest.security.JwtRequestFilter   : JWT Token does not begin with Bearer String
2021-10-13 09:35:56.024  INFO 45884 --- [RMI TCP Connection(2)-127.0.0.1] inMXBeanRegistrar$SpringApplicationAdmin : Application shutdown requested.
2021-10-13 09:36:04.316  INFO 23036 --- [main] i.a.s.b.SegnalazioniBackendApplication   : Starting SegnalazioniBackendApplication using Java 14.0.2 on LAPTOP-6MBMBAG7 with PID 23036 (D:\omnia\eclipse-workspace\segnalazioni-backend\target\classes started by lepto in D:\omnia\eclipse-workspace\segnalazioni-backend)
2021-10-13 09:36:04.318  INFO 23036 --- [main] i.a.s.b.SegnalazioniBackendApplication   : The following profiles are active: dev
2021-10-13 09:36:05.121  INFO 23036 --- [main] .s.d.r.c.RepositoryConfigurationDelegate : Bootstrapping Spring Data MongoDB repositories in DEFAULT mode.
2021-10-13 09:36:05.138  INFO 23036 --- [main] .s.d.r.c.RepositoryConfigurationDelegate : Finished Spring Data repository scanning in 12 ms. Found 0 MongoDB repository interfaces.
2021-10-13 09:36:05.367  INFO 23036 --- [main] trationDelegate$BeanPostProcessorChecker : Bean 'org.springframework.ws.config.annotation.DelegatingWsConfiguration' of type [org.springframework.ws.config.annotation.DelegatingWsConfiguration$$EnhancerBySpringCGLIB$$3b280d7] is not eligible for getting processed by all BeanPostProcessors (for example: not eligible for auto-proxying)
2021-10-13 09:36:05.407  INFO 23036 --- [main] .w.s.a.s.AnnotationActionEndpointMapping : Supporting [WS-Addressing August 2004, WS-Addressing 1.0]
2021-10-13 09:36:05.439  INFO 23036 --- [main] trationDelegate$BeanPostProcessorChecker : Bean 'org.springframework.security.access.expression.method.DefaultMethodSecurityExpressionHandler@3fa21d49' of type [org.springframework.security.access.expression.method.DefaultMethodSecurityExpressionHandler] is not eligible for getting processed by all BeanPostProcessors (for example: not eligible for auto-proxying)
2021-10-13 09:36:05.453  INFO 23036 --- [main] trationDelegate$BeanPostProcessorChecker : Bean 'methodSecurityMetadataSource' of type [org.springframework.security.access.method.DelegatingMethodSecurityMetadataSource] is not eligible for getting processed by all BeanPostProcessors (for example: not eligible for auto-proxying)
2021-10-13 09:36:05.665  INFO 23036 --- [main] o.s.b.w.embedded.tomcat.TomcatWebServer  : Tomcat initialized with port(s): 8080 (http)
2021-10-13 09:36:05.674  INFO 23036 --- [main] o.apache.catalina.core.StandardService   : Starting service [Tomcat]
2021-10-13 09:36:05.674  INFO 23036 --- [main] org.apache.catalina.core.StandardEngine  : Starting Servlet engine: [Apache Tomcat/9.0.53]
2021-10-13 09:36:05.773  INFO 23036 --- [main] o.a.c.c.C.[Tomcat].[localhost].[/]       : Initializing Spring embedded WebApplicationContext
2021-10-13 09:36:05.774  INFO 23036 --- [main] w.s.c.ServletWebServerApplicationContext : Root WebApplicationContext: initialization completed in 1415 ms
2021-10-13 09:36:06.757  INFO 23036 --- [main] o.s.s.web.DefaultSecurityFilterChain     : Will secure any request with [org.springframework.security.web.context.request.async.WebAsyncManagerIntegrationFilter@4f541e67, org.springframework.security.web.context.SecurityContextPersistenceFilter@62b786dc, org.springframework.security.web.header.HeaderWriterFilter@dbc7e0a, org.springframework.security.web.authentication.logout.LogoutFilter@35becbd4, it.anac.segnalazioni.backend.rest.security.JwtRequestFilter@51ff3c4b, org.springframework.security.web.savedrequest.RequestCacheAwareFilter@48d5ca17, org.springframework.security.web.servletapi.SecurityContextHolderAwareRequestFilter@3722f39d, org.springframework.security.web.authentication.AnonymousAuthenticationFilter@2be50bba, org.springframework.security.web.session.SessionManagementFilter@6dbbdf92, org.springframework.security.web.access.ExceptionTranslationFilter@40017e98, org.springframework.security.web.access.intercept.FilterSecurityInterceptor@8549c5f]
2021-10-13 09:36:07.028  INFO 23036 --- [main] org.mongodb.driver.cluster               : Cluster created with settings {hosts=[127.0.0.1:27017], mode=SINGLE, requiredClusterType=UNKNOWN, serverSelectionTimeout='30000 ms'}
2021-10-13 09:36:07.267  INFO 23036 --- [main] o.s.b.w.embedded.tomcat.TomcatWebServer  : Tomcat started on port(s): 8080 (http) with context path ''
2021-10-13 09:36:07.529  INFO 23036 --- [main] i.a.s.b.SegnalazioniBackendApplication   : Started SegnalazioniBackendApplication in 3.536 seconds (JVM running for 4.186)
2021-10-13 09:36:09.093  INFO 23036 --- [cluster-ClusterId{value='61668c675962d34ae9d8b391', description='null'}-127.0.0.1:27017] org.mongodb.driver.cluster               : Exception in monitor thread while connecting to server 127.0.0.1:27017

com.mongodb.MongoSocketOpenException: Exception opening socket
	at com.mongodb.internal.connection.SocketStream.open(SocketStream.java:70) ~[mongodb-driver-core-4.2.3.jar:na]
	at com.mongodb.internal.connection.InternalStreamConnection.open(InternalStreamConnection.java:143) ~[mongodb-driver-core-4.2.3.jar:na]
	at com.mongodb.internal.connection.DefaultServerMonitor$ServerMonitorRunnable.lookupServerDescription(DefaultServerMonitor.java:188) ~[mongodb-driver-core-4.2.3.jar:na]
	at com.mongodb.internal.connection.DefaultServerMonitor$ServerMonitorRunnable.run(DefaultServerMonitor.java:144) ~[mongodb-driver-core-4.2.3.jar:na]
	at java.base/java.lang.Thread.run(Thread.java:832) ~[na:na]
Caused by: java.net.ConnectException: Connection refused: no further information
	at java.base/sun.nio.ch.Net.pollConnect(Native Method) ~[na:na]
	at java.base/sun.nio.ch.Net.pollConnectNow(Net.java:589) ~[na:na]
	at java.base/sun.nio.ch.NioSocketImpl.timedFinishConnect(NioSocketImpl.java:549) ~[na:na]
	at java.base/sun.nio.ch.NioSocketImpl.connect(NioSocketImpl.java:597) ~[na:na]
	at java.base/java.net.SocksSocketImpl.connect(SocksSocketImpl.java:333) ~[na:na]
	at java.base/java.net.Socket.connect(Socket.java:648) ~[na:na]
	at com.mongodb.internal.connection.SocketStreamHelper.initialize(SocketStreamHelper.java:107) ~[mongodb-driver-core-4.2.3.jar:na]
	at com.mongodb.internal.connection.SocketStream.initializeSocket(SocketStream.java:79) ~[mongodb-driver-core-4.2.3.jar:na]
	at com.mongodb.internal.connection.SocketStream.open(SocketStream.java:65) ~[mongodb-driver-core-4.2.3.jar:na]
	... 4 common frames omitted

2021-10-13 09:36:24.213  INFO 23036 --- [http-nio-8080-exec-1] o.a.c.c.C.[Tomcat].[localhost].[/]       : Initializing Spring DispatcherServlet 'dispatcherServlet'
2021-10-13 09:36:24.213  INFO 23036 --- [http-nio-8080-exec-1] o.s.web.servlet.DispatcherServlet        : Initializing Servlet 'dispatcherServlet'
2021-10-13 09:36:24.215  INFO 23036 --- [http-nio-8080-exec-1] o.s.web.servlet.DispatcherServlet        : Completed initialization in 1 ms
2021-10-13 09:37:26.844  INFO 23036 --- [RMI TCP Connection(2)-127.0.0.1] inMXBeanRegistrar$SpringApplicationAdmin : Application shutdown requested.
2021-10-13 09:38:36.683  INFO 47856 --- [main] i.a.s.b.SegnalazioniBackendApplication   : Starting SegnalazioniBackendApplication using Java 14.0.2 on LAPTOP-6MBMBAG7 with PID 47856 (D:\omnia\eclipse-workspace\segnalazioni-backend\target\classes started by lepto in D:\omnia\eclipse-workspace\segnalazioni-backend)
2021-10-13 09:38:36.685  INFO 47856 --- [main] i.a.s.b.SegnalazioniBackendApplication   : The following profiles are active: dev
2021-10-13 09:38:37.543  INFO 47856 --- [main] .s.d.r.c.RepositoryConfigurationDelegate : Bootstrapping Spring Data MongoDB repositories in DEFAULT mode.
2021-10-13 09:38:37.562  INFO 47856 --- [main] .s.d.r.c.RepositoryConfigurationDelegate : Finished Spring Data repository scanning in 14 ms. Found 0 MongoDB repository interfaces.
2021-10-13 09:38:37.806  INFO 47856 --- [main] trationDelegate$BeanPostProcessorChecker : Bean 'org.springframework.ws.config.annotation.DelegatingWsConfiguration' of type [org.springframework.ws.config.annotation.DelegatingWsConfiguration$$EnhancerBySpringCGLIB$$15a74c04] is not eligible for getting processed by all BeanPostProcessors (for example: not eligible for auto-proxying)
2021-10-13 09:38:37.847  INFO 47856 --- [main] .w.s.a.s.AnnotationActionEndpointMapping : Supporting [WS-Addressing August 2004, WS-Addressing 1.0]
2021-10-13 09:38:37.878  INFO 47856 --- [main] trationDelegate$BeanPostProcessorChecker : Bean 'org.springframework.security.access.expression.method.DefaultMethodSecurityExpressionHandler@47c7a9e5' of type [org.springframework.security.access.expression.method.DefaultMethodSecurityExpressionHandler] is not eligible for getting processed by all BeanPostProcessors (for example: not eligible for auto-proxying)
2021-10-13 09:38:37.882  INFO 47856 --- [main] trationDelegate$BeanPostProcessorChecker : Bean 'methodSecurityMetadataSource' of type [org.springframework.security.access.method.DelegatingMethodSecurityMetadataSource] is not eligible for getting processed by all BeanPostProcessors (for example: not eligible for auto-proxying)
2021-10-13 09:38:38.160  INFO 47856 --- [main] o.s.b.w.embedded.tomcat.TomcatWebServer  : Tomcat initialized with port(s): 8080 (http)
2021-10-13 09:38:38.172  INFO 47856 --- [main] o.apache.catalina.core.StandardService   : Starting service [Tomcat]
2021-10-13 09:38:38.172  INFO 47856 --- [main] org.apache.catalina.core.StandardEngine  : Starting Servlet engine: [Apache Tomcat/9.0.53]
2021-10-13 09:38:38.290  INFO 47856 --- [main] o.a.c.c.C.[Tomcat].[localhost].[/]       : Initializing Spring embedded WebApplicationContext
2021-10-13 09:38:38.290  INFO 47856 --- [main] w.s.c.ServletWebServerApplicationContext : Root WebApplicationContext: initialization completed in 1559 ms
2021-10-13 09:38:39.305  INFO 47856 --- [main] o.s.s.web.DefaultSecurityFilterChain     : Will secure any request with [org.springframework.security.web.context.request.async.WebAsyncManagerIntegrationFilter@2be50bba, org.springframework.security.web.context.SecurityContextPersistenceFilter@7ba1cdbe, org.springframework.security.web.header.HeaderWriterFilter@636fccb0, org.springframework.security.web.authentication.logout.LogoutFilter@3bcc8f13, it.anac.segnalazioni.backend.rest.security.JwtRequestFilter@68ea253b, org.springframework.security.web.savedrequest.RequestCacheAwareFilter@226e07e7, org.springframework.security.web.servletapi.SecurityContextHolderAwareRequestFilter@4ec8d9b2, org.springframework.security.web.authentication.AnonymousAuthenticationFilter@3514ac7d, org.springframework.security.web.session.SessionManagementFilter@1dbeedff, org.springframework.security.web.access.ExceptionTranslationFilter@4fbe486c, org.springframework.security.web.access.intercept.FilterSecurityInterceptor@35454c7a]
2021-10-13 09:38:39.577  INFO 47856 --- [main] org.mongodb.driver.cluster               : Cluster created with settings {hosts=[127.0.0.1:27017], mode=SINGLE, requiredClusterType=UNKNOWN, serverSelectionTimeout='30000 ms'}
2021-10-13 09:38:39.821  INFO 47856 --- [main] o.s.b.w.embedded.tomcat.TomcatWebServer  : Tomcat started on port(s): 8080 (http) with context path ''
2021-10-13 09:38:40.091  INFO 47856 --- [main] i.a.s.b.SegnalazioniBackendApplication   : Started SegnalazioniBackendApplication in 3.739 seconds (JVM running for 4.389)
2021-10-13 09:38:41.654  INFO 47856 --- [cluster-ClusterId{value='61668cff4c288479ea50ec68', description='null'}-127.0.0.1:27017] org.mongodb.driver.cluster               : Exception in monitor thread while connecting to server 127.0.0.1:27017

com.mongodb.MongoSocketOpenException: Exception opening socket
	at com.mongodb.internal.connection.SocketStream.open(SocketStream.java:70) ~[mongodb-driver-core-4.2.3.jar:na]
	at com.mongodb.internal.connection.InternalStreamConnection.open(InternalStreamConnection.java:143) ~[mongodb-driver-core-4.2.3.jar:na]
	at com.mongodb.internal.connection.DefaultServerMonitor$ServerMonitorRunnable.lookupServerDescription(DefaultServerMonitor.java:188) ~[mongodb-driver-core-4.2.3.jar:na]
	at com.mongodb.internal.connection.DefaultServerMonitor$ServerMonitorRunnable.run(DefaultServerMonitor.java:144) ~[mongodb-driver-core-4.2.3.jar:na]
	at java.base/java.lang.Thread.run(Thread.java:832) ~[na:na]
Caused by: java.net.ConnectException: Connection refused: no further information
	at java.base/sun.nio.ch.Net.pollConnect(Native Method) ~[na:na]
	at java.base/sun.nio.ch.Net.pollConnectNow(Net.java:589) ~[na:na]
	at java.base/sun.nio.ch.NioSocketImpl.timedFinishConnect(NioSocketImpl.java:549) ~[na:na]
	at java.base/sun.nio.ch.NioSocketImpl.connect(NioSocketImpl.java:597) ~[na:na]
	at java.base/java.net.SocksSocketImpl.connect(SocksSocketImpl.java:333) ~[na:na]
	at java.base/java.net.Socket.connect(Socket.java:648) ~[na:na]
	at com.mongodb.internal.connection.SocketStreamHelper.initialize(SocketStreamHelper.java:107) ~[mongodb-driver-core-4.2.3.jar:na]
	at com.mongodb.internal.connection.SocketStream.initializeSocket(SocketStream.java:79) ~[mongodb-driver-core-4.2.3.jar:na]
	at com.mongodb.internal.connection.SocketStream.open(SocketStream.java:65) ~[mongodb-driver-core-4.2.3.jar:na]
	... 4 common frames omitted

2021-10-13 09:38:48.046  INFO 47856 --- [RMI TCP Connection(2)-127.0.0.1] inMXBeanRegistrar$SpringApplicationAdmin : Application shutdown requested.
2021-10-13 09:43:01.947  INFO 31952 --- [main] .s.b.SegnalazioniBackendApplicationTests : Starting SegnalazioniBackendApplicationTests using Java 14.0.2 on LAPTOP-6MBMBAG7 with PID 31952 (started by lepto in D:\omnia\eclipse-workspace\segnalazioni-backend)
2021-10-13 09:43:01.948  INFO 31952 --- [main] .s.b.SegnalazioniBackendApplicationTests : The following profiles are active: premaster
2021-10-13 09:43:03.092  INFO 31952 --- [main] .s.d.r.c.RepositoryConfigurationDelegate : Bootstrapping Spring Data MongoDB repositories in DEFAULT mode.
2021-10-13 09:43:03.121  INFO 31952 --- [main] .s.d.r.c.RepositoryConfigurationDelegate : Finished Spring Data repository scanning in 22 ms. Found 0 MongoDB repository interfaces.
2021-10-13 09:43:03.563  INFO 31952 --- [main] trationDelegate$BeanPostProcessorChecker : Bean 'org.springframework.ws.config.annotation.DelegatingWsConfiguration' of type [org.springframework.ws.config.annotation.DelegatingWsConfiguration$$EnhancerBySpringCGLIB$$f50cd129] is not eligible for getting processed by all BeanPostProcessors (for example: not eligible for auto-proxying)
2021-10-13 09:43:03.625  INFO 31952 --- [main] .w.s.a.s.AnnotationActionEndpointMapping : Supporting [WS-Addressing August 2004, WS-Addressing 1.0]
2021-10-13 09:43:03.689  INFO 31952 --- [main] trationDelegate$BeanPostProcessorChecker : Bean 'org.springframework.security.access.expression.method.DefaultMethodSecurityExpressionHandler@48581a3b' of type [org.springframework.security.access.expression.method.DefaultMethodSecurityExpressionHandler] is not eligible for getting processed by all BeanPostProcessors (for example: not eligible for auto-proxying)
2021-10-13 09:43:03.707  INFO 31952 --- [main] trationDelegate$BeanPostProcessorChecker : Bean 'methodSecurityMetadataSource' of type [org.springframework.security.access.method.DelegatingMethodSecurityMetadataSource] is not eligible for getting processed by all BeanPostProcessors (for example: not eligible for auto-proxying)
2021-10-13 09:43:05.720  INFO 31952 --- [main] o.s.s.web.DefaultSecurityFilterChain     : Will secure any request with [org.springframework.security.web.context.request.async.WebAsyncManagerIntegrationFilter@6e49b011, org.springframework.security.web.context.SecurityContextPersistenceFilter@3eee08f5, org.springframework.security.web.header.HeaderWriterFilter@6b751cb1, org.springframework.security.web.authentication.logout.LogoutFilter@727dcc64, it.anac.segnalazioni.backend.rest.security.JwtRequestFilter@3a709cc7, org.springframework.security.web.savedrequest.RequestCacheAwareFilter@2c56eba5, org.springframework.security.web.servletapi.SecurityContextHolderAwareRequestFilter@56881196, org.springframework.security.web.authentication.AnonymousAuthenticationFilter@19a7906c, org.springframework.security.web.session.SessionManagementFilter@b808af5, org.springframework.security.web.access.ExceptionTranslationFilter@3cb04dd, org.springframework.security.web.access.intercept.FilterSecurityInterceptor@11015ca0]
2021-10-13 09:43:06.374  INFO 31952 --- [main] org.mongodb.driver.cluster               : Cluster created with settings {hosts=[10.119.26.91:27017], mode=SINGLE, requiredClusterType=UNKNOWN, serverSelectionTimeout='30000 ms'}
2021-10-13 09:43:07.216  INFO 31952 --- [main] .s.b.SegnalazioniBackendApplicationTests : Started SegnalazioniBackendApplicationTests in 5.624 seconds (JVM running for 6.657)
